<?xml version='1.0'?>
<ns2:test-suite xmlns:ns2='urn:model.allure.qatools.yandex.ru' start='1603267022276' stop='1603267041972'>
    <name>Open the Pinpoint Viewer home page</name>
    <title>Open the Pinpoint Viewer home page</title>
    <test-cases>
        <test-case start='1603267022516' status='passed' stop='1603267032542'>
            <name>User should able to I agree the EULA popup</name>
            <title>User should able to I agree the EULA popup</title>
            <labels/>
            <parameters/>
            <steps/>
            <attachments>
                <attachment title='Screenshot' source='5e38a72c-66db-42aa-8caa-030860e0aaf4-attachment.png' type='image/png' size='75073'/>
            </attachments>
        </test-case>
        <test-case start='1603267032543' status='failed' stop='1603267033584'>
            <name>Open Manual and verify Authoring icon is displaying</name>
            <title>Open Manual and verify Authoring icon is displaying</title>
            <labels/>
            <parameters/>
            <steps/>
            <attachments>
                <attachment title='Screenshot' source='6940f558-a878-4a25-b018-a5d2331ad61d-attachment.png' type='image/png' size='80507'/>
            </attachments>
            <failure>
                <message>TypeError: pencilisIconPresent.getText is not a function</message>
                <stack-trace>TypeError: pencilisIconPresent.getText is not a function
                    at commonLibrary.pencilIconPresent (D:\myTestAutoFramework\test\e2e\commonLibraries.js:29:29)
                    at UserContext.&lt;anonymous> (D:\myTestAutoFramework\test\e2e\C003_VerifyAuthoringBtnPinpoint.js:66:17)
                    at C:\Users\mmariappan\AppData\Roaming\npm\node_modules\protractor\node_modules\jasminewd2\index.js:112:25
                    at new ManagedPromise (C:\Users\mmariappan\AppData\Roaming\npm\node_modules\protractor\node_modules\selenium-webdriver\lib\promise.js:1077:7)
                    at ControlFlow.promise (C:\Users\mmariappan\AppData\Roaming\npm\node_modules\protractor\node_modules\selenium-webdriver\lib\promise.js:2505:12)
                    at schedulerExecute (C:\Users\mmariappan\AppData\Roaming\npm\node_modules\protractor\node_modules\jasminewd2\index.js:95:18)
                    at TaskQueue.execute_ (C:\Users\mmariappan\AppData\Roaming\npm\node_modules\protractor\node_modules\selenium-webdriver\lib\promise.js:3084:14)
                    at TaskQueue.executeNext_ (C:\Users\mmariappan\AppData\Roaming\npm\node_modules\protractor\node_modules\selenium-webdriver\lib\promise.js:3067:27)
                    at C:\Users\mmariappan\AppData\Roaming\npm\node_modules\protractor\node_modules\selenium-webdriver\lib\promise.js:2974:25
                    at C:\Users\mmariappan\AppData\Roaming\npm\node_modules\protractor\node_modules\selenium-webdriver\lib\promise.js:668:7</stack-trace>
            </failure>
        </test-case>
        <test-case start='1603267033584' status='failed' stop='1603267039930'>
            <name>Verify is able to click Authoring icon and Auhtoring mode confirmation pop</name>
            <title>Verify is able to click Authoring icon and Auhtoring mode confirmation pop</title>
            <labels/>
            <parameters/>
            <steps/>
            <attachments>
                <attachment title='Screenshot' source='d3c37b45-13bc-4daa-be9d-5bafe973d2de-attachment.png' type='image/png' size='87088'/>
            </attachments>
            <failure>
                <message>Failed: Element is taking too long to Visible in the DOM
                Wait timed out after 5184ms</message>
                <stack-trace>TimeoutError: Element is taking too long to Visible in the DOM
                Wait timed out after 5184ms
                    at C:\Users\mmariappan\AppData\Roaming\npm\node_modules\protractor\node_modules\selenium-webdriver\lib\promise.js:2201:17
                    at ManagedPromise.invokeCallback_ (C:\Users\mmariappan\AppData\Roaming\npm\node_modules\protractor\node_modules\selenium-webdriver\lib\promise.js:1376:14)
                    at TaskQueue.execute_ (C:\Users\mmariappan\AppData\Roaming\npm\node_modules\protractor\node_modules\selenium-webdriver\lib\promise.js:3084:14)
                    at TaskQueue.executeNext_ (C:\Users\mmariappan\AppData\Roaming\npm\node_modules\protractor\node_modules\selenium-webdriver\lib\promise.js:3067:27)
                    at C:\Users\mmariappan\AppData\Roaming\npm\node_modules\protractor\node_modules\selenium-webdriver\lib\promise.js:2927:27
                    at C:\Users\mmariappan\AppData\Roaming\npm\node_modules\protractor\node_modules\selenium-webdriver\lib\promise.js:668:7
                    at runMicrotasks (&lt;anonymous>)
                    at processTicksAndRejections (internal/process/task_queues.js:97:5)
                From: Task: Element is taking too long to Visible in the DOM
                    at scheduleWait (C:\Users\mmariappan\AppData\Roaming\npm\node_modules\protractor\node_modules\selenium-webdriver\lib\promise.js:2188:20)
                    at ControlFlow.wait (C:\Users\mmariappan\AppData\Roaming\npm\node_modules\protractor\node_modules\selenium-webdriver\lib\promise.js:2517:12)
                    at Driver.wait (C:\Users\mmariappan\AppData\Roaming\npm\node_modules\protractor\node_modules\selenium-webdriver\lib\webdriver.js:934:29)
                    at run (C:\Users\mmariappan\AppData\Roaming\npm\node_modules\protractor\built\browser.js:58:33)
                    at ProtractorBrowser.to.&lt;computed> [as wait] (C:\Users\mmariappan\AppData\Roaming\npm\node_modules\protractor\built\browser.js:66:16)
                    at common.waitForElementClickable (D:\myTestAutoFramework\test\e2e\commonActions.js:36:17)
                    at UserContext.&lt;anonymous> (D:\myTestAutoFramework\test\e2e\C003_VerifyAuthoringBtnPinpoint.js:71:16)
                    at C:\Users\mmariappan\AppData\Roaming\npm\node_modules\protractor\node_modules\jasminewd2\index.js:112:25
                    at new ManagedPromise (C:\Users\mmariappan\AppData\Roaming\npm\node_modules\protractor\node_modules\selenium-webdriver\lib\promise.js:1077:7)
                    at ControlFlow.promise (C:\Users\mmariappan\AppData\Roaming\npm\node_modules\protractor\node_modules\selenium-webdriver\lib\promise.js:2505:12)
                From: Task: Run it("Verify is able to click Authoring icon and Auhtoring mode confirmation pop") in control flow
                    at UserContext.&lt;anonymous> (C:\Users\mmariappan\AppData\Roaming\npm\node_modules\protractor\node_modules\jasminewd2\index.js:94:19)
                    at attempt (C:\Users\mmariappan\AppData\Roaming\npm\node_modules\protractor\node_modules\jasmine-core\lib\jasmine-core\jasmine.js:4297:26)
                    at QueueRunner.run (C:\Users\mmariappan\AppData\Roaming\npm\node_modules\protractor\node_modules\jasmine-core\lib\jasmine-core\jasmine.js:4217:20)
                    at runNext (C:\Users\mmariappan\AppData\Roaming\npm\node_modules\protractor\node_modules\jasmine-core\lib\jasmine-core\jasmine.js:4257:20)
                    at C:\Users\mmariappan\AppData\Roaming\npm\node_modules\protractor\node_modules\jasmine-core\lib\jasmine-core\jasmine.js:4264:13
                    at C:\Users\mmariappan\AppData\Roaming\npm\node_modules\protractor\node_modules\jasmine-core\lib\jasmine-core\jasmine.js:4172:9
                    at C:\Users\mmariappan\AppData\Roaming\npm\node_modules\protractor\node_modules\jasminewd2\index.js:64:48
                    at ControlFlow.emit (C:\Users\mmariappan\AppData\Roaming\npm\node_modules\protractor\node_modules\selenium-webdriver\lib\events.js:62:21)
                    at ControlFlow.shutdown_ (C:\Users\mmariappan\AppData\Roaming\npm\node_modules\protractor\node_modules\selenium-webdriver\lib\promise.js:2674:10)
                    at C:\Users\mmariappan\AppData\Roaming\npm\node_modules\protractor\node_modules\selenium-webdriver\lib\promise.js:2599:53
                From asynchronous test: 
                Error
                    at Suite.&lt;anonymous> (D:\myTestAutoFramework\test\e2e\C003_VerifyAuthoringBtnPinpoint.js:69:5)
                    at addSpecsToSuite (C:\Users\mmariappan\AppData\Roaming\npm\node_modules\protractor\node_modules\jasmine-core\lib\jasmine-core\jasmine.js:1107:25)
                    at Env.describe (C:\Users\mmariappan\AppData\Roaming\npm\node_modules\protractor\node_modules\jasmine-core\lib\jasmine-core\jasmine.js:1074:7)
                    at describe (C:\Users\mmariappan\AppData\Roaming\npm\node_modules\protractor\node_modules\jasmine-core\lib\jasmine-core\jasmine.js:4399:18)
                    at Object.&lt;anonymous> (D:\myTestAutoFramework\test\e2e\C003_VerifyAuthoringBtnPinpoint.js:14:1)
                    at Module._compile (internal/modules/cjs/loader.js:1138:30)
                    at Object.Module._extensions..js (internal/modules/cjs/loader.js:1158:10)
                    at Module.load (internal/modules/cjs/loader.js:986:32)
                    at Function.Module._load (internal/modules/cjs/loader.js:879:14)</stack-trace>
            </failure>
        </test-case>
    </test-cases>
</ns2:test-suite>