<?xml version='1.0'?>
<ns2:test-suite xmlns:ns2='urn:model.allure.qatools.yandex.ru' start='1603135017595' stop='1603135252811'>
    <name>Open the Pinpoint Viewer home page</name>
    <title>Open the Pinpoint Viewer home page</title>
    <test-cases>
        <test-case start='1603135018162' status='passed' stop='1603135028125'>
            <name>User should able to I agree the EULA popup</name>
            <title>User should able to I agree the EULA popup</title>
            <labels/>
            <parameters/>
            <steps/>
            <attachments>
                <attachment title='Screenshot' source='a040d725-1d42-4837-86df-bbac6b563959-attachment.png' type='image/png' size='74815'/>
            </attachments>
        </test-case>
        <test-case start='1603135028125' status='failed' stop='1603135118779'>
            <name>Open Manual and verify Authoring icon is displaying</name>
            <title>Open Manual and verify Authoring icon is displaying</title>
            <labels/>
            <parameters/>
            <steps/>
            <attachments/>
            <failure>
                <message>Error: Timeout - Async callback was not invoked within timeout specified by jasmine.DEFAULT_TIMEOUT_INTERVAL.</message>
                <stack-trace>Error: Timeout - Async callback was not invoked within timeout specified by jasmine.DEFAULT_TIMEOUT_INTERVAL.
                    at Timeout._onTimeout (C:\Users\mmariappan\AppData\Roaming\npm\node_modules\protractor\node_modules\jasmine-core\lib\jasmine-core\jasmine.js:4281:23)
                    at listOnTimeout (internal/timers.js:549:17)
                    at processTimers (internal/timers.js:492:7)</stack-trace>
            </failure>
        </test-case>
        <test-case start='1603135118780' status='failed' stop='1603135222803'>
            <name>Verify is able to click Authoring icon and Auhtoring mode confirmation pop</name>
            <title>Verify is able to click Authoring icon and Auhtoring mode confirmation pop</title>
            <labels/>
            <parameters/>
            <steps/>
            <attachments/>
            <failure>
                <message>Error: Timeout - Async callback was not invoked within timeout specified by jasmine.DEFAULT_TIMEOUT_INTERVAL.</message>
                <stack-trace>Error: Timeout - Async callback was not invoked within timeout specified by jasmine.DEFAULT_TIMEOUT_INTERVAL.
                    at Timeout._onTimeout (C:\Users\mmariappan\AppData\Roaming\npm\node_modules\protractor\node_modules\jasmine-core\lib\jasmine-core\jasmine.js:4281:23)
                    at listOnTimeout (internal/timers.js:549:17)
                    at processTimers (internal/timers.js:492:7)</stack-trace>
            </failure>
        </test-case>
    </test-cases>
</ns2:test-suite>