<?xml version='1.0'?>
<ns2:test-suite xmlns:ns2='urn:model.allure.qatools.yandex.ru' start='1603267618048' stop='1603267639151'>
    <name>Open the Pinpoint Viewer home page</name>
    <title>Open the Pinpoint Viewer home page</title>
    <test-cases>
        <test-case start='1603267618409' status='passed' stop='1603267627688'>
            <name>User should able to I agree the EULA popup</name>
            <title>User should able to I agree the EULA popup</title>
            <labels/>
            <parameters/>
            <steps/>
            <attachments>
                <attachment title='Screenshot' source='55e1a294-d247-42f2-8339-936ff16d3635-attachment.png' type='image/png' size='75073'/>
            </attachments>
        </test-case>
        <test-case start='1603267627688' status='failed' stop='1603267629409'>
            <name>Open Manual and verify Authoring icon is displaying</name>
            <title>Open Manual and verify Authoring icon is displaying</title>
            <labels/>
            <parameters/>
            <steps/>
            <attachments>
                <attachment title='Screenshot' source='3f11da69-0ebb-4fbe-8c55-04924170526f-attachment.png' type='image/png' size='80507'/>
            </attachments>
            <failure>
                <message>ReferenceError: pencilisIconPresent is not defined</message>
                <stack-trace>ReferenceError: pencilisIconPresent is not defined
                    at UserContext.&lt;anonymous> (D:\myTestAutoFramework\test\e2e\C003_VerifyAuthoringBtnPinpoint.js:64:9)
                    at C:\Users\mmariappan\AppData\Roaming\npm\node_modules\protractor\node_modules\jasminewd2\index.js:112:25
                    at new ManagedPromise (C:\Users\mmariappan\AppData\Roaming\npm\node_modules\protractor\node_modules\selenium-webdriver\lib\promise.js:1077:7)
                    at ControlFlow.promise (C:\Users\mmariappan\AppData\Roaming\npm\node_modules\protractor\node_modules\selenium-webdriver\lib\promise.js:2505:12)
                    at schedulerExecute (C:\Users\mmariappan\AppData\Roaming\npm\node_modules\protractor\node_modules\jasminewd2\index.js:95:18)
                    at TaskQueue.execute_ (C:\Users\mmariappan\AppData\Roaming\npm\node_modules\protractor\node_modules\selenium-webdriver\lib\promise.js:3084:14)
                    at TaskQueue.executeNext_ (C:\Users\mmariappan\AppData\Roaming\npm\node_modules\protractor\node_modules\selenium-webdriver\lib\promise.js:3067:27)
                    at C:\Users\mmariappan\AppData\Roaming\npm\node_modules\protractor\node_modules\selenium-webdriver\lib\promise.js:2974:25
                    at C:\Users\mmariappan\AppData\Roaming\npm\node_modules\protractor\node_modules\selenium-webdriver\lib\promise.js:668:7
                    at runMicrotasks (&lt;anonymous>)</stack-trace>
            </failure>
        </test-case>
        <test-case start='1603267629409' status='failed' stop='1603267636420'>
            <name>Verify is able to click Authoring icon and Auhtoring mode confirmation pop</name>
            <title>Verify is able to click Authoring icon and Auhtoring mode confirmation pop</title>
            <labels/>
            <parameters/>
            <steps/>
            <attachments>
                <attachment title='Screenshot' source='0a1b40dc-838e-4072-a370-8fde908444e1-attachment.png' type='image/png' size='80507'/>
            </attachments>
            <failure>
                <message>Failed: Element is taking too long to Visible in the DOM
                Wait timed out after 5042ms</message>
                <stack-trace>TimeoutError: Element is taking too long to Visible in the DOM
                Wait timed out after 5042ms
                    at C:\Users\mmariappan\AppData\Roaming\npm\node_modules\protractor\node_modules\selenium-webdriver\lib\promise.js:2201:17
                    at ManagedPromise.invokeCallback_ (C:\Users\mmariappan\AppData\Roaming\npm\node_modules\protractor\node_modules\selenium-webdriver\lib\promise.js:1376:14)
                    at TaskQueue.execute_ (C:\Users\mmariappan\AppData\Roaming\npm\node_modules\protractor\node_modules\selenium-webdriver\lib\promise.js:3084:14)
                    at TaskQueue.executeNext_ (C:\Users\mmariappan\AppData\Roaming\npm\node_modules\protractor\node_modules\selenium-webdriver\lib\promise.js:3067:27)
                    at C:\Users\mmariappan\AppData\Roaming\npm\node_modules\protractor\node_modules\selenium-webdriver\lib\promise.js:2927:27
                    at C:\Users\mmariappan\AppData\Roaming\npm\node_modules\protractor\node_modules\selenium-webdriver\lib\promise.js:668:7
                    at runMicrotasks (&lt;anonymous>)
                    at processTicksAndRejections (internal/process/task_queues.js:97:5)
                From: Task: Element is taking too long to Visible in the DOM
                    at scheduleWait (C:\Users\mmariappan\AppData\Roaming\npm\node_modules\protractor\node_modules\selenium-webdriver\lib\promise.js:2188:20)
                    at ControlFlow.wait (C:\Users\mmariappan\AppData\Roaming\npm\node_modules\protractor\node_modules\selenium-webdriver\lib\promise.js:2517:12)
                    at Driver.wait (C:\Users\mmariappan\AppData\Roaming\npm\node_modules\protractor\node_modules\selenium-webdriver\lib\webdriver.js:934:29)
                    at run (C:\Users\mmariappan\AppData\Roaming\npm\node_modules\protractor\built\browser.js:58:33)
                    at ProtractorBrowser.to.&lt;computed> [as wait] (C:\Users\mmariappan\AppData\Roaming\npm\node_modules\protractor\built\browser.js:66:16)
                    at common.waitForElementClickable (D:\myTestAutoFramework\test\e2e\commonActions.js:36:17)
                    at UserContext.&lt;anonymous> (D:\myTestAutoFramework\test\e2e\C003_VerifyAuthoringBtnPinpoint.js:72:16)
                    at C:\Users\mmariappan\AppData\Roaming\npm\node_modules\protractor\node_modules\jasminewd2\index.js:112:25
                    at new ManagedPromise (C:\Users\mmariappan\AppData\Roaming\npm\node_modules\protractor\node_modules\selenium-webdriver\lib\promise.js:1077:7)
                    at ControlFlow.promise (C:\Users\mmariappan\AppData\Roaming\npm\node_modules\protractor\node_modules\selenium-webdriver\lib\promise.js:2505:12)
                From: Task: Run it("Verify is able to click Authoring icon and Auhtoring mode confirmation pop") in control flow
                    at UserContext.&lt;anonymous> (C:\Users\mmariappan\AppData\Roaming\npm\node_modules\protractor\node_modules\jasminewd2\index.js:94:19)
                    at attempt (C:\Users\mmariappan\AppData\Roaming\npm\node_modules\protractor\node_modules\jasmine-core\lib\jasmine-core\jasmine.js:4297:26)
                    at QueueRunner.run (C:\Users\mmariappan\AppData\Roaming\npm\node_modules\protractor\node_modules\jasmine-core\lib\jasmine-core\jasmine.js:4217:20)
                    at runNext (C:\Users\mmariappan\AppData\Roaming\npm\node_modules\protractor\node_modules\jasmine-core\lib\jasmine-core\jasmine.js:4257:20)
                    at C:\Users\mmariappan\AppData\Roaming\npm\node_modules\protractor\node_modules\jasmine-core\lib\jasmine-core\jasmine.js:4264:13
                    at C:\Users\mmariappan\AppData\Roaming\npm\node_modules\protractor\node_modules\jasmine-core\lib\jasmine-core\jasmine.js:4172:9
                    at C:\Users\mmariappan\AppData\Roaming\npm\node_modules\protractor\node_modules\jasminewd2\index.js:64:48
                    at ControlFlow.emit (C:\Users\mmariappan\AppData\Roaming\npm\node_modules\protractor\node_modules\selenium-webdriver\lib\events.js:62:21)
                    at ControlFlow.shutdown_ (C:\Users\mmariappan\AppData\Roaming\npm\node_modules\protractor\node_modules\selenium-webdriver\lib\promise.js:2674:10)
                    at C:\Users\mmariappan\AppData\Roaming\npm\node_modules\protractor\node_modules\selenium-webdriver\lib\promise.js:2599:53
                From asynchronous test: 
                Error
                    at Suite.&lt;anonymous> (D:\myTestAutoFramework\test\e2e\C003_VerifyAuthoringBtnPinpoint.js:70:5)
                    at addSpecsToSuite (C:\Users\mmariappan\AppData\Roaming\npm\node_modules\protractor\node_modules\jasmine-core\lib\jasmine-core\jasmine.js:1107:25)
                    at Env.describe (C:\Users\mmariappan\AppData\Roaming\npm\node_modules\protractor\node_modules\jasmine-core\lib\jasmine-core\jasmine.js:1074:7)
                    at describe (C:\Users\mmariappan\AppData\Roaming\npm\node_modules\protractor\node_modules\jasmine-core\lib\jasmine-core\jasmine.js:4399:18)
                    at Object.&lt;anonymous> (D:\myTestAutoFramework\test\e2e\C003_VerifyAuthoringBtnPinpoint.js:14:1)
                    at Module._compile (internal/modules/cjs/loader.js:1138:30)
                    at Object.Module._extensions..js (internal/modules/cjs/loader.js:1158:10)
                    at Module.load (internal/modules/cjs/loader.js:986:32)
                    at Function.Module._load (internal/modules/cjs/loader.js:879:14)</stack-trace>
            </failure>
        </test-case>
    </test-cases>
</ns2:test-suite>